[4.330s] Invoking command in '/home/harshit/CDE2310-Group13-24-25-Sem2/Software/workspace/src/cde2310': CONDA_PROMPT_MODIFIER=(base) PYTHONPATH=/home/harshit/CDE2310-Group13-24-25-Sem2/Software/build/cde2310/prefix_override:/usr/lib/python3/dist-packages/colcon_core/task/python/colcon_distutils_commands:/home/harshit/CDE2310-Group13-24-25-Sem2/Software/install/cde2310/lib/python3.10/site-packages:${PYTHONPATH} /usr/bin/python3 -W ignore:setup.py install is deprecated -W ignore:easy_install command is deprecated setup.py egg_info --egg-base ../../../build/cde2310 build --build-base /home/harshit/CDE2310-Group13-24-25-Sem2/Software/build/cde2310/build install --record /home/harshit/CDE2310-Group13-24-25-Sem2/Software/build/cde2310/install.log --single-version-externally-managed install_data
[5.686s] running egg_info
[5.687s] writing ../../../build/cde2310/cde2310.egg-info/PKG-INFO
[5.691s] writing dependency_links to ../../../build/cde2310/cde2310.egg-info/dependency_links.txt
[5.691s] writing entry points to ../../../build/cde2310/cde2310.egg-info/entry_points.txt
[5.691s] writing requirements to ../../../build/cde2310/cde2310.egg-info/requires.txt
[5.691s] writing top-level names to ../../../build/cde2310/cde2310.egg-info/top_level.txt
[5.696s] reading manifest file '../../../build/cde2310/cde2310.egg-info/SOURCES.txt'
[5.702s] writing manifest file '../../../build/cde2310/cde2310.egg-info/SOURCES.txt'
[5.702s] running build
[5.702s] running build_py
[5.710s] running install
[5.710s] running install_lib
[5.711s] running install_data
[5.711s] running install_egg_info
[5.717s] removing '/home/harshit/CDE2310-Group13-24-25-Sem2/Software/install/cde2310/lib/python3.10/site-packages/cde2310-0.0.0-py3.10.egg-info' (and everything under it)
[5.719s] Copying ../../../build/cde2310/cde2310.egg-info to /home/harshit/CDE2310-Group13-24-25-Sem2/Software/install/cde2310/lib/python3.10/site-packages/cde2310-0.0.0-py3.10.egg-info
[5.720s] running install_scripts
[5.756s] Installing thermal script to /home/harshit/CDE2310-Group13-24-25-Sem2/Software/install/cde2310/lib/cde2310
[5.757s] writing list of installed files to '/home/harshit/CDE2310-Group13-24-25-Sem2/Software/build/cde2310/install.log'
[5.826s] Invoked command in '/home/harshit/CDE2310-Group13-24-25-Sem2/Software/workspace/src/cde2310' returned '0': CONDA_PROMPT_MODIFIER=(base) PYTHONPATH=/home/harshit/CDE2310-Group13-24-25-Sem2/Software/build/cde2310/prefix_override:/usr/lib/python3/dist-packages/colcon_core/task/python/colcon_distutils_commands:/home/harshit/CDE2310-Group13-24-25-Sem2/Software/install/cde2310/lib/python3.10/site-packages:${PYTHONPATH} /usr/bin/python3 -W ignore:setup.py install is deprecated -W ignore:easy_install command is deprecated setup.py egg_info --egg-base ../../../build/cde2310 build --build-base /home/harshit/CDE2310-Group13-24-25-Sem2/Software/build/cde2310/build install --record /home/harshit/CDE2310-Group13-24-25-Sem2/Software/build/cde2310/install.log --single-version-externally-managed install_data
