[0.210s] DEBUG:colcon:Command line arguments: ['/usr/bin/colcon', 'build']
[0.210s] DEBUG:colcon:Parsed command line arguments: Namespace(log_base=None, log_level=None, verb_name='build', build_base='build', install_base='install', merge_install=False, symlink_install=False, test_result_base=None, continue_on_error=False, executor='parallel', parallel_workers=8, event_handlers=None, ignore_user_meta=False, metas=['./colcon.meta'], base_paths=['.'], packages_ignore=None, packages_ignore_regex=None, paths=None, packages_up_to=None, packages_up_to_regex=None, packages_above=None, packages_above_and_dependencies=None, packages_above_depth=None, packages_select_by_dep=None, packages_skip_by_dep=None, packages_skip_up_to=None, packages_select_build_failed=False, packages_skip_build_finished=False, packages_select_test_failures=False, packages_skip_test_passed=False, packages_select=None, packages_skip=None, packages_select_regex=None, packages_skip_regex=None, packages_start=None, packages_end=None, allow_overriding=[], cmake_args=None, cmake_target=None, cmake_target_skip_unavailable=False, cmake_clean_cache=False, cmake_clean_first=False, cmake_force_configure=False, ament_cmake_args=None, catkin_cmake_args=None, catkin_skip_building_tests=False, mixin_files=None, mixin=None, verb_parser=<colcon_mixin.mixin.mixin_argument.MixinArgumentDecorator object at 0x75509a838fa0>, verb_extension=<colcon_core.verb.build.BuildVerb object at 0x75509a838af0>, main=<bound method BuildVerb.main of <colcon_core.verb.build.BuildVerb object at 0x75509a838af0>>, mixin_verb=('build',))
[0.508s] Level 1:colcon.colcon_core.package_discovery:discover_packages(colcon_meta) check parameters
[0.508s] Level 1:colcon.colcon_core.package_discovery:discover_packages(recursive) check parameters
[0.509s] Level 1:colcon.colcon_core.package_discovery:discover_packages(ignore) check parameters
[0.509s] Level 1:colcon.colcon_core.package_discovery:discover_packages(path) check parameters
[0.509s] Level 1:colcon.colcon_core.package_discovery:discover_packages(colcon_meta) discover
[0.509s] Level 1:colcon.colcon_core.package_discovery:discover_packages(recursive) discover
[0.509s] INFO:colcon.colcon_core.package_discovery:Crawling recursively for packages in '/home/harshit/CDE2310-Group13-24-25-Sem2/Software'
[0.509s] Level 1:colcon.colcon_core.package_identification:_identify(.) by extensions ['ignore', 'ignore_ament_install']
[0.509s] Level 1:colcon.colcon_core.package_identification:_identify(.) by extension 'ignore'
[0.509s] Level 1:colcon.colcon_core.package_identification:_identify(.) by extension 'ignore_ament_install'
[0.509s] Level 1:colcon.colcon_core.package_identification:_identify(.) by extensions ['colcon_pkg']
[0.509s] Level 1:colcon.colcon_core.package_identification:_identify(.) by extension 'colcon_pkg'
[0.510s] Level 1:colcon.colcon_core.package_identification:_identify(.) by extensions ['colcon_meta']
[0.510s] Level 1:colcon.colcon_core.package_identification:_identify(.) by extension 'colcon_meta'
[0.510s] Level 1:colcon.colcon_core.package_identification:_identify(.) by extensions ['ros']
[0.510s] Level 1:colcon.colcon_core.package_identification:_identify(.) by extension 'ros'
[0.549s] Level 1:colcon.colcon_core.package_identification:_identify(.) by extensions ['cmake', 'python']
[0.549s] Level 1:colcon.colcon_core.package_identification:_identify(.) by extension 'cmake'
[0.549s] Level 1:colcon.colcon_core.package_identification:_identify(.) by extension 'python'
[0.549s] Level 1:colcon.colcon_core.package_identification:_identify(.) by extensions ['python_setup_py']
[0.549s] Level 1:colcon.colcon_core.package_identification:_identify(.) by extension 'python_setup_py'
[0.550s] Level 1:colcon.colcon_core.package_identification:_identify(build) by extensions ['ignore', 'ignore_ament_install']
[0.550s] Level 1:colcon.colcon_core.package_identification:_identify(build) by extension 'ignore'
[0.550s] Level 1:colcon.colcon_core.package_identification:_identify(build) ignored
[0.550s] Level 1:colcon.colcon_core.package_identification:_identify(install) by extensions ['ignore', 'ignore_ament_install']
[0.550s] Level 1:colcon.colcon_core.package_identification:_identify(install) by extension 'ignore'
[0.550s] Level 1:colcon.colcon_core.package_identification:_identify(install) ignored
[0.550s] Level 1:colcon.colcon_core.package_identification:_identify(log) by extensions ['ignore', 'ignore_ament_install']
[0.550s] Level 1:colcon.colcon_core.package_identification:_identify(log) by extension 'ignore'
[0.550s] Level 1:colcon.colcon_core.package_identification:_identify(log) ignored
[0.550s] Level 1:colcon.colcon_core.package_identification:_identify(workspace) by extensions ['ignore', 'ignore_ament_install']
[0.550s] Level 1:colcon.colcon_core.package_identification:_identify(workspace) by extension 'ignore'
[0.551s] Level 1:colcon.colcon_core.package_identification:_identify(workspace) by extension 'ignore_ament_install'
[0.551s] Level 1:colcon.colcon_core.package_identification:_identify(workspace) by extensions ['colcon_pkg']
[0.551s] Level 1:colcon.colcon_core.package_identification:_identify(workspace) by extension 'colcon_pkg'
[0.551s] Level 1:colcon.colcon_core.package_identification:_identify(workspace) by extensions ['colcon_meta']
[0.551s] Level 1:colcon.colcon_core.package_identification:_identify(workspace) by extension 'colcon_meta'
[0.551s] Level 1:colcon.colcon_core.package_identification:_identify(workspace) by extensions ['ros']
[0.551s] Level 1:colcon.colcon_core.package_identification:_identify(workspace) by extension 'ros'
[0.551s] Level 1:colcon.colcon_core.package_identification:_identify(workspace) by extensions ['cmake', 'python']
[0.551s] Level 1:colcon.colcon_core.package_identification:_identify(workspace) by extension 'cmake'
[0.551s] Level 1:colcon.colcon_core.package_identification:_identify(workspace) by extension 'python'
[0.551s] Level 1:colcon.colcon_core.package_identification:_identify(workspace) by extensions ['python_setup_py']
[0.551s] Level 1:colcon.colcon_core.package_identification:_identify(workspace) by extension 'python_setup_py'
[0.551s] Level 1:colcon.colcon_core.package_identification:_identify(workspace/build) by extensions ['ignore', 'ignore_ament_install']
[0.551s] Level 1:colcon.colcon_core.package_identification:_identify(workspace/build) by extension 'ignore'
[0.551s] Level 1:colcon.colcon_core.package_identification:_identify(workspace/build) ignored
[0.551s] Level 1:colcon.colcon_core.package_identification:_identify(workspace/install) by extensions ['ignore', 'ignore_ament_install']
[0.552s] Level 1:colcon.colcon_core.package_identification:_identify(workspace/install) by extension 'ignore'
[0.552s] Level 1:colcon.colcon_core.package_identification:_identify(workspace/install) ignored
[0.552s] Level 1:colcon.colcon_core.package_identification:_identify(workspace/log) by extensions ['ignore', 'ignore_ament_install']
[0.552s] Level 1:colcon.colcon_core.package_identification:_identify(workspace/log) by extension 'ignore'
[0.552s] Level 1:colcon.colcon_core.package_identification:_identify(workspace/log) ignored
[0.552s] Level 1:colcon.colcon_core.package_identification:_identify(workspace/src) by extensions ['ignore', 'ignore_ament_install']
[0.552s] Level 1:colcon.colcon_core.package_identification:_identify(workspace/src) by extension 'ignore'
[0.552s] Level 1:colcon.colcon_core.package_identification:_identify(workspace/src) by extension 'ignore_ament_install'
[0.553s] Level 1:colcon.colcon_core.package_identification:_identify(workspace/src) by extensions ['colcon_pkg']
[0.553s] Level 1:colcon.colcon_core.package_identification:_identify(workspace/src) by extension 'colcon_pkg'
[0.553s] Level 1:colcon.colcon_core.package_identification:_identify(workspace/src) by extensions ['colcon_meta']
[0.553s] Level 1:colcon.colcon_core.package_identification:_identify(workspace/src) by extension 'colcon_meta'
[0.553s] Level 1:colcon.colcon_core.package_identification:_identify(workspace/src) by extensions ['ros']
[0.553s] Level 1:colcon.colcon_core.package_identification:_identify(workspace/src) by extension 'ros'
[0.553s] Level 1:colcon.colcon_core.package_identification:_identify(workspace/src) by extensions ['cmake', 'python']
[0.553s] Level 1:colcon.colcon_core.package_identification:_identify(workspace/src) by extension 'cmake'
[0.553s] Level 1:colcon.colcon_core.package_identification:_identify(workspace/src) by extension 'python'
[0.553s] Level 1:colcon.colcon_core.package_identification:_identify(workspace/src) by extensions ['python_setup_py']
[0.553s] Level 1:colcon.colcon_core.package_identification:_identify(workspace/src) by extension 'python_setup_py'
[0.553s] Level 1:colcon.colcon_core.package_identification:_identify(workspace/src/Autonomous-Explorer-and-Mapper-ros2-nav2) by extensions ['ignore', 'ignore_ament_install']
[0.554s] Level 1:colcon.colcon_core.package_identification:_identify(workspace/src/Autonomous-Explorer-and-Mapper-ros2-nav2) by extension 'ignore'
[0.554s] Level 1:colcon.colcon_core.package_identification:_identify(workspace/src/Autonomous-Explorer-and-Mapper-ros2-nav2) by extension 'ignore_ament_install'
[0.554s] Level 1:colcon.colcon_core.package_identification:_identify(workspace/src/Autonomous-Explorer-and-Mapper-ros2-nav2) by extensions ['colcon_pkg']
[0.554s] Level 1:colcon.colcon_core.package_identification:_identify(workspace/src/Autonomous-Explorer-and-Mapper-ros2-nav2) by extension 'colcon_pkg'
[0.554s] Level 1:colcon.colcon_core.package_identification:_identify(workspace/src/Autonomous-Explorer-and-Mapper-ros2-nav2) by extensions ['colcon_meta']
[0.554s] Level 1:colcon.colcon_core.package_identification:_identify(workspace/src/Autonomous-Explorer-and-Mapper-ros2-nav2) by extension 'colcon_meta'
[0.554s] Level 1:colcon.colcon_core.package_identification:_identify(workspace/src/Autonomous-Explorer-and-Mapper-ros2-nav2) by extensions ['ros']
[0.554s] Level 1:colcon.colcon_core.package_identification:_identify(workspace/src/Autonomous-Explorer-and-Mapper-ros2-nav2) by extension 'ros'
[0.560s] DEBUG:colcon.colcon_core.package_identification:Package 'workspace/src/Autonomous-Explorer-and-Mapper-ros2-nav2' with type 'ros.ament_python' and name 'custom_explorer'
[0.561s] Level 1:colcon.colcon_core.package_identification:_identify(workspace/src/cde2310) by extensions ['ignore', 'ignore_ament_install']
[0.561s] Level 1:colcon.colcon_core.package_identification:_identify(workspace/src/cde2310) by extension 'ignore'
[0.561s] Level 1:colcon.colcon_core.package_identification:_identify(workspace/src/cde2310) by extension 'ignore_ament_install'
[0.561s] Level 1:colcon.colcon_core.package_identification:_identify(workspace/src/cde2310) by extensions ['colcon_pkg']
[0.561s] Level 1:colcon.colcon_core.package_identification:_identify(workspace/src/cde2310) by extension 'colcon_pkg'
[0.561s] Level 1:colcon.colcon_core.package_identification:_identify(workspace/src/cde2310) by extensions ['colcon_meta']
[0.561s] Level 1:colcon.colcon_core.package_identification:_identify(workspace/src/cde2310) by extension 'colcon_meta'
[0.561s] Level 1:colcon.colcon_core.package_identification:_identify(workspace/src/cde2310) by extensions ['ros']
[0.561s] Level 1:colcon.colcon_core.package_identification:_identify(workspace/src/cde2310) by extension 'ros'
[0.562s] DEBUG:colcon.colcon_core.package_identification:Package 'workspace/src/cde2310' with type 'ros.ament_python' and name 'cde2310'
[0.562s] Level 1:colcon.colcon_core.package_discovery:discover_packages(recursive) using defaults
[0.562s] Level 1:colcon.colcon_core.package_discovery:discover_packages(ignore) discover
[0.562s] Level 1:colcon.colcon_core.package_discovery:discover_packages(ignore) using defaults
[0.562s] Level 1:colcon.colcon_core.package_discovery:discover_packages(path) discover
[0.562s] Level 1:colcon.colcon_core.package_discovery:discover_packages(path) using defaults
[0.603s] Level 1:colcon.colcon_core.package_discovery:discover_packages(prefix_path) check parameters
[0.603s] Level 1:colcon.colcon_core.package_discovery:discover_packages(prefix_path) discover
[0.609s] DEBUG:colcon.colcon_installed_package_information.package_discovery:Found 2 installed packages in /home/harshit/CDE2310-Group13-24-25-Sem2/Software/workspace/install
[0.610s] DEBUG:colcon.colcon_installed_package_information.package_discovery:Found 6 installed packages in /home/harshit/colcon_ws/install
[0.611s] DEBUG:colcon.colcon_installed_package_information.package_discovery:Found 12 installed packages in /home/harshit/turtlebot3_ws/install
[0.615s] DEBUG:colcon.colcon_installed_package_information.package_discovery:Found 402 installed packages in /opt/ros/humble
[0.621s] Level 1:colcon.colcon_core.package_discovery:discover_packages(prefix_path) using defaults
[0.699s] Level 5:colcon.colcon_core.verb:set package 'cde2310' build argument 'cmake_args' from command line to 'None'
[0.699s] Level 5:colcon.colcon_core.verb:set package 'cde2310' build argument 'cmake_target' from command line to 'None'
[0.699s] Level 5:colcon.colcon_core.verb:set package 'cde2310' build argument 'cmake_target_skip_unavailable' from command line to 'False'
[0.699s] Level 5:colcon.colcon_core.verb:set package 'cde2310' build argument 'cmake_clean_cache' from command line to 'False'
[0.699s] Level 5:colcon.colcon_core.verb:set package 'cde2310' build argument 'cmake_clean_first' from command line to 'False'
[0.700s] Level 5:colcon.colcon_core.verb:set package 'cde2310' build argument 'cmake_force_configure' from command line to 'False'
[0.700s] Level 5:colcon.colcon_core.verb:set package 'cde2310' build argument 'ament_cmake_args' from command line to 'None'
[0.700s] Level 5:colcon.colcon_core.verb:set package 'cde2310' build argument 'catkin_cmake_args' from command line to 'None'
[0.700s] Level 5:colcon.colcon_core.verb:set package 'cde2310' build argument 'catkin_skip_building_tests' from command line to 'False'
[0.700s] DEBUG:colcon.colcon_core.verb:Building package 'cde2310' with the following arguments: {'ament_cmake_args': None, 'build_base': '/home/harshit/CDE2310-Group13-24-25-Sem2/Software/build/cde2310', 'catkin_cmake_args': None, 'catkin_skip_building_tests': False, 'cmake_args': None, 'cmake_clean_cache': False, 'cmake_clean_first': False, 'cmake_force_configure': False, 'cmake_target': None, 'cmake_target_skip_unavailable': False, 'install_base': '/home/harshit/CDE2310-Group13-24-25-Sem2/Software/install/cde2310', 'merge_install': False, 'path': '/home/harshit/CDE2310-Group13-24-25-Sem2/Software/workspace/src/cde2310', 'symlink_install': False, 'test_result_base': None}
[0.701s] Level 5:colcon.colcon_core.verb:set package 'custom_explorer' build argument 'cmake_args' from command line to 'None'
[0.701s] Level 5:colcon.colcon_core.verb:set package 'custom_explorer' build argument 'cmake_target' from command line to 'None'
[0.701s] Level 5:colcon.colcon_core.verb:set package 'custom_explorer' build argument 'cmake_target_skip_unavailable' from command line to 'False'
[0.701s] Level 5:colcon.colcon_core.verb:set package 'custom_explorer' build argument 'cmake_clean_cache' from command line to 'False'
[0.701s] Level 5:colcon.colcon_core.verb:set package 'custom_explorer' build argument 'cmake_clean_first' from command line to 'False'
[0.701s] Level 5:colcon.colcon_core.verb:set package 'custom_explorer' build argument 'cmake_force_configure' from command line to 'False'
[0.701s] Level 5:colcon.colcon_core.verb:set package 'custom_explorer' build argument 'ament_cmake_args' from command line to 'None'
[0.701s] Level 5:colcon.colcon_core.verb:set package 'custom_explorer' build argument 'catkin_cmake_args' from command line to 'None'
[0.701s] Level 5:colcon.colcon_core.verb:set package 'custom_explorer' build argument 'catkin_skip_building_tests' from command line to 'False'
[0.701s] DEBUG:colcon.colcon_core.verb:Building package 'custom_explorer' with the following arguments: {'ament_cmake_args': None, 'build_base': '/home/harshit/CDE2310-Group13-24-25-Sem2/Software/build/custom_explorer', 'catkin_cmake_args': None, 'catkin_skip_building_tests': False, 'cmake_args': None, 'cmake_clean_cache': False, 'cmake_clean_first': False, 'cmake_force_configure': False, 'cmake_target': None, 'cmake_target_skip_unavailable': False, 'install_base': '/home/harshit/CDE2310-Group13-24-25-Sem2/Software/install/custom_explorer', 'merge_install': False, 'path': '/home/harshit/CDE2310-Group13-24-25-Sem2/Software/workspace/src/Autonomous-Explorer-and-Mapper-ros2-nav2', 'symlink_install': False, 'test_result_base': None}
[0.701s] INFO:colcon.colcon_core.executor:Executing jobs using 'parallel' executor
[0.705s] DEBUG:colcon.colcon_parallel_executor.executor.parallel:run_until_complete
[0.705s] INFO:colcon.colcon_ros.task.ament_python.build:Building ROS package in '/home/harshit/CDE2310-Group13-24-25-Sem2/Software/workspace/src/cde2310' with build type 'ament_python'
[0.707s] Level 1:colcon.colcon_core.shell:create_environment_hook('cde2310', 'ament_prefix_path')
[0.716s] INFO:colcon.colcon_core.plugin_system:Skipping extension 'colcon_core.shell.bat': Not used on non-Windows systems
[0.718s] INFO:colcon.colcon_core.shell:Creating environment hook '/home/harshit/CDE2310-Group13-24-25-Sem2/Software/install/cde2310/share/cde2310/hook/ament_prefix_path.ps1'
[0.720s] INFO:colcon.colcon_core.shell:Creating environment descriptor '/home/harshit/CDE2310-Group13-24-25-Sem2/Software/install/cde2310/share/cde2310/hook/ament_prefix_path.dsv'
[0.721s] INFO:colcon.colcon_core.shell:Creating environment hook '/home/harshit/CDE2310-Group13-24-25-Sem2/Software/install/cde2310/share/cde2310/hook/ament_prefix_path.sh'
[0.722s] INFO:colcon.colcon_core.shell:Skip shell extension 'powershell' for command environment: Not usable outside of PowerShell
[0.723s] DEBUG:colcon.colcon_core.shell:Skip shell extension 'dsv' for command environment
[0.732s] INFO:colcon.colcon_ros.task.ament_python.build:Building ROS package in '/home/harshit/CDE2310-Group13-24-25-Sem2/Software/workspace/src/Autonomous-Explorer-and-Mapper-ros2-nav2' with build type 'ament_python'
[0.734s] Level 1:colcon.colcon_core.shell:create_environment_hook('custom_explorer', 'ament_prefix_path')
[0.737s] INFO:colcon.colcon_core.shell:Creating environment hook '/home/harshit/CDE2310-Group13-24-25-Sem2/Software/install/custom_explorer/share/custom_explorer/hook/ament_prefix_path.ps1'
[0.738s] INFO:colcon.colcon_core.shell:Creating environment descriptor '/home/harshit/CDE2310-Group13-24-25-Sem2/Software/install/custom_explorer/share/custom_explorer/hook/ament_prefix_path.dsv'
[0.741s] INFO:colcon.colcon_core.shell:Creating environment hook '/home/harshit/CDE2310-Group13-24-25-Sem2/Software/install/custom_explorer/share/custom_explorer/hook/ament_prefix_path.sh'
[0.743s] INFO:colcon.colcon_core.shell:Skip shell extension 'powershell' for command environment: Not usable outside of PowerShell
[0.743s] DEBUG:colcon.colcon_core.shell:Skip shell extension 'dsv' for command environment
[1.369s] INFO:colcon.colcon_core.task.python.build:Building Python package in '/home/harshit/CDE2310-Group13-24-25-Sem2/Software/workspace/src/cde2310'
[1.370s] INFO:colcon.colcon_core.shell:Skip shell extension 'powershell' for command environment: Not usable outside of PowerShell
[1.370s] DEBUG:colcon.colcon_core.shell:Skip shell extension 'dsv' for command environment
[1.903s] INFO:colcon.colcon_core.task.python.build:Building Python package in '/home/harshit/CDE2310-Group13-24-25-Sem2/Software/workspace/src/Autonomous-Explorer-and-Mapper-ros2-nav2'
[1.904s] INFO:colcon.colcon_core.shell:Skip shell extension 'powershell' for command environment: Not usable outside of PowerShell
[1.904s] DEBUG:colcon.colcon_core.shell:Skip shell extension 'dsv' for command environment
[2.674s] DEBUG:colcon.colcon_core.event_handler.log_command:Invoking command in '/home/harshit/CDE2310-Group13-24-25-Sem2/Software/workspace/src/cde2310': CONDA_PROMPT_MODIFIER=(base) PYTHONPATH=/home/harshit/CDE2310-Group13-24-25-Sem2/Software/build/cde2310/prefix_override:/usr/lib/python3/dist-packages/colcon_core/task/python/colcon_distutils_commands:/home/harshit/CDE2310-Group13-24-25-Sem2/Software/install/cde2310/lib/python3.10/site-packages:${PYTHONPATH} /usr/bin/python3 -W ignore:setup.py install is deprecated -W ignore:easy_install command is deprecated setup.py egg_info --egg-base ../../../build/cde2310 build --build-base /home/harshit/CDE2310-Group13-24-25-Sem2/Software/build/cde2310/build install --record /home/harshit/CDE2310-Group13-24-25-Sem2/Software/build/cde2310/install.log --single-version-externally-managed install_data
[2.707s] DEBUG:colcon.colcon_core.event_handler.log_command:Invoking command in '/home/harshit/CDE2310-Group13-24-25-Sem2/Software/workspace/src/Autonomous-Explorer-and-Mapper-ros2-nav2': CONDA_PROMPT_MODIFIER=(base) PYTHONPATH=/home/harshit/CDE2310-Group13-24-25-Sem2/Software/build/custom_explorer/prefix_override:/usr/lib/python3/dist-packages/colcon_core/task/python/colcon_distutils_commands:/home/harshit/CDE2310-Group13-24-25-Sem2/Software/install/custom_explorer/lib/python3.10/site-packages:${PYTHONPATH} /usr/bin/python3 -W ignore:setup.py install is deprecated -W ignore:easy_install command is deprecated setup.py egg_info --egg-base ../../../build/custom_explorer build --build-base /home/harshit/CDE2310-Group13-24-25-Sem2/Software/build/custom_explorer/build install --record /home/harshit/CDE2310-Group13-24-25-Sem2/Software/build/custom_explorer/install.log --single-version-externally-managed install_data
[3.334s] DEBUG:colcon.colcon_core.event_handler.log_command:Invoked command in '/home/harshit/CDE2310-Group13-24-25-Sem2/Software/workspace/src/cde2310' returned '0': CONDA_PROMPT_MODIFIER=(base) PYTHONPATH=/home/harshit/CDE2310-Group13-24-25-Sem2/Software/build/cde2310/prefix_override:/usr/lib/python3/dist-packages/colcon_core/task/python/colcon_distutils_commands:/home/harshit/CDE2310-Group13-24-25-Sem2/Software/install/cde2310/lib/python3.10/site-packages:${PYTHONPATH} /usr/bin/python3 -W ignore:setup.py install is deprecated -W ignore:easy_install command is deprecated setup.py egg_info --egg-base ../../../build/cde2310 build --build-base /home/harshit/CDE2310-Group13-24-25-Sem2/Software/build/cde2310/build install --record /home/harshit/CDE2310-Group13-24-25-Sem2/Software/build/cde2310/install.log --single-version-externally-managed install_data
[3.338s] Level 1:colcon.colcon_core.environment:checking '/home/harshit/CDE2310-Group13-24-25-Sem2/Software/install/cde2310' for CMake module files
[3.339s] Level 1:colcon.colcon_core.environment:checking '/home/harshit/CDE2310-Group13-24-25-Sem2/Software/install/cde2310' for CMake config files
[3.340s] Level 1:colcon.colcon_core.environment:checking '/home/harshit/CDE2310-Group13-24-25-Sem2/Software/install/cde2310/lib'
[3.341s] Level 1:colcon.colcon_core.environment:checking '/home/harshit/CDE2310-Group13-24-25-Sem2/Software/install/cde2310/bin'
[3.341s] Level 1:colcon.colcon_core.environment:checking '/home/harshit/CDE2310-Group13-24-25-Sem2/Software/install/cde2310/lib/pkgconfig/cde2310.pc'
[3.341s] Level 1:colcon.colcon_core.environment:checking '/home/harshit/CDE2310-Group13-24-25-Sem2/Software/install/cde2310/lib/python3.10/site-packages'
[3.342s] Level 1:colcon.colcon_core.shell:create_environment_hook('cde2310', 'pythonpath')
[3.342s] INFO:colcon.colcon_core.shell:Creating environment hook '/home/harshit/CDE2310-Group13-24-25-Sem2/Software/install/cde2310/share/cde2310/hook/pythonpath.ps1'
[3.345s] INFO:colcon.colcon_core.shell:Creating environment descriptor '/home/harshit/CDE2310-Group13-24-25-Sem2/Software/install/cde2310/share/cde2310/hook/pythonpath.dsv'
[3.346s] INFO:colcon.colcon_core.shell:Creating environment hook '/home/harshit/CDE2310-Group13-24-25-Sem2/Software/install/cde2310/share/cde2310/hook/pythonpath.sh'
[3.349s] Level 1:colcon.colcon_core.environment:checking '/home/harshit/CDE2310-Group13-24-25-Sem2/Software/install/cde2310/bin'
[3.352s] Level 1:colcon.colcon_core.environment:create_environment_scripts_only(cde2310)
[3.353s] INFO:colcon.colcon_core.shell:Creating package script '/home/harshit/CDE2310-Group13-24-25-Sem2/Software/install/cde2310/share/cde2310/package.ps1'
[3.357s] INFO:colcon.colcon_core.shell:Creating package descriptor '/home/harshit/CDE2310-Group13-24-25-Sem2/Software/install/cde2310/share/cde2310/package.dsv'
[3.358s] INFO:colcon.colcon_core.shell:Creating package script '/home/harshit/CDE2310-Group13-24-25-Sem2/Software/install/cde2310/share/cde2310/package.sh'
[3.362s] INFO:colcon.colcon_core.shell:Creating package script '/home/harshit/CDE2310-Group13-24-25-Sem2/Software/install/cde2310/share/cde2310/package.bash'
[3.364s] INFO:colcon.colcon_core.shell:Creating package script '/home/harshit/CDE2310-Group13-24-25-Sem2/Software/install/cde2310/share/cde2310/package.zsh'
[3.366s] Level 1:colcon.colcon_core.environment:create_file_with_runtime_dependencies(/home/harshit/CDE2310-Group13-24-25-Sem2/Software/install/cde2310/share/colcon-core/packages/cde2310)
[3.424s] Level 1:colcon.colcon_core.environment:checking '/home/harshit/CDE2310-Group13-24-25-Sem2/Software/install/custom_explorer' for CMake module files
[3.426s] DEBUG:colcon.colcon_core.event_handler.log_command:Invoked command in '/home/harshit/CDE2310-Group13-24-25-Sem2/Software/workspace/src/Autonomous-Explorer-and-Mapper-ros2-nav2' returned '0': CONDA_PROMPT_MODIFIER=(base) PYTHONPATH=/home/harshit/CDE2310-Group13-24-25-Sem2/Software/build/custom_explorer/prefix_override:/usr/lib/python3/dist-packages/colcon_core/task/python/colcon_distutils_commands:/home/harshit/CDE2310-Group13-24-25-Sem2/Software/install/custom_explorer/lib/python3.10/site-packages:${PYTHONPATH} /usr/bin/python3 -W ignore:setup.py install is deprecated -W ignore:easy_install command is deprecated setup.py egg_info --egg-base ../../../build/custom_explorer build --build-base /home/harshit/CDE2310-Group13-24-25-Sem2/Software/build/custom_explorer/build install --record /home/harshit/CDE2310-Group13-24-25-Sem2/Software/build/custom_explorer/install.log --single-version-externally-managed install_data
[3.427s] Level 1:colcon.colcon_core.environment:checking '/home/harshit/CDE2310-Group13-24-25-Sem2/Software/install/custom_explorer' for CMake config files
[3.428s] Level 1:colcon.colcon_core.environment:checking '/home/harshit/CDE2310-Group13-24-25-Sem2/Software/install/custom_explorer/lib'
[3.428s] Level 1:colcon.colcon_core.environment:checking '/home/harshit/CDE2310-Group13-24-25-Sem2/Software/install/custom_explorer/bin'
[3.428s] Level 1:colcon.colcon_core.environment:checking '/home/harshit/CDE2310-Group13-24-25-Sem2/Software/install/custom_explorer/lib/pkgconfig/custom_explorer.pc'
[3.429s] Level 1:colcon.colcon_core.environment:checking '/home/harshit/CDE2310-Group13-24-25-Sem2/Software/install/custom_explorer/lib/python3.10/site-packages'
[3.429s] Level 1:colcon.colcon_core.shell:create_environment_hook('custom_explorer', 'pythonpath')
[3.429s] INFO:colcon.colcon_core.shell:Creating environment hook '/home/harshit/CDE2310-Group13-24-25-Sem2/Software/install/custom_explorer/share/custom_explorer/hook/pythonpath.ps1'
[3.430s] INFO:colcon.colcon_core.shell:Creating environment descriptor '/home/harshit/CDE2310-Group13-24-25-Sem2/Software/install/custom_explorer/share/custom_explorer/hook/pythonpath.dsv'
[3.430s] INFO:colcon.colcon_core.shell:Creating environment hook '/home/harshit/CDE2310-Group13-24-25-Sem2/Software/install/custom_explorer/share/custom_explorer/hook/pythonpath.sh'
[3.431s] Level 1:colcon.colcon_core.environment:checking '/home/harshit/CDE2310-Group13-24-25-Sem2/Software/install/custom_explorer/bin'
[3.431s] Level 1:colcon.colcon_core.environment:create_environment_scripts_only(custom_explorer)
[3.432s] INFO:colcon.colcon_core.shell:Creating package script '/home/harshit/CDE2310-Group13-24-25-Sem2/Software/install/custom_explorer/share/custom_explorer/package.ps1'
[3.433s] INFO:colcon.colcon_core.shell:Creating package descriptor '/home/harshit/CDE2310-Group13-24-25-Sem2/Software/install/custom_explorer/share/custom_explorer/package.dsv'
[3.433s] INFO:colcon.colcon_core.shell:Creating package script '/home/harshit/CDE2310-Group13-24-25-Sem2/Software/install/custom_explorer/share/custom_explorer/package.sh'
[3.434s] INFO:colcon.colcon_core.shell:Creating package script '/home/harshit/CDE2310-Group13-24-25-Sem2/Software/install/custom_explorer/share/custom_explorer/package.bash'
[3.434s] INFO:colcon.colcon_core.shell:Creating package script '/home/harshit/CDE2310-Group13-24-25-Sem2/Software/install/custom_explorer/share/custom_explorer/package.zsh'
[3.435s] Level 1:colcon.colcon_core.environment:create_file_with_runtime_dependencies(/home/harshit/CDE2310-Group13-24-25-Sem2/Software/install/custom_explorer/share/colcon-core/packages/custom_explorer)
[3.435s] DEBUG:colcon.colcon_parallel_executor.executor.parallel:closing loop
[3.436s] DEBUG:colcon.colcon_parallel_executor.executor.parallel:loop closed
[3.436s] DEBUG:colcon.colcon_parallel_executor.executor.parallel:run_until_complete finished with '0'
[3.436s] DEBUG:colcon.colcon_core.event_reactor:joining thread
[3.445s] INFO:colcon.colcon_core.plugin_system:Skipping extension 'colcon_notification.desktop_notification.terminal_notifier': Not used on non-Darwin systems
[3.446s] INFO:colcon.colcon_core.plugin_system:Skipping extension 'colcon_notification.desktop_notification.win32': Not used on non-Windows systems
[3.450s] INFO:colcon.colcon_notification.desktop_notification:Sending desktop notification using 'notify2'
[3.483s] DEBUG:colcon.colcon_core.event_reactor:joined thread
[3.484s] INFO:colcon.colcon_core.shell:Creating prefix script '/home/harshit/CDE2310-Group13-24-25-Sem2/Software/install/local_setup.ps1'
[3.486s] INFO:colcon.colcon_core.shell:Creating prefix util module '/home/harshit/CDE2310-Group13-24-25-Sem2/Software/install/_local_setup_util_ps1.py'
[3.489s] INFO:colcon.colcon_core.shell:Creating prefix chain script '/home/harshit/CDE2310-Group13-24-25-Sem2/Software/install/setup.ps1'
[3.493s] INFO:colcon.colcon_core.shell:Creating prefix script '/home/harshit/CDE2310-Group13-24-25-Sem2/Software/install/local_setup.sh'
[3.495s] INFO:colcon.colcon_core.shell:Creating prefix util module '/home/harshit/CDE2310-Group13-24-25-Sem2/Software/install/_local_setup_util_sh.py'
[3.497s] INFO:colcon.colcon_core.shell:Creating prefix chain script '/home/harshit/CDE2310-Group13-24-25-Sem2/Software/install/setup.sh'
[3.501s] INFO:colcon.colcon_core.shell:Creating prefix script '/home/harshit/CDE2310-Group13-24-25-Sem2/Software/install/local_setup.bash'
[3.501s] INFO:colcon.colcon_core.shell:Creating prefix chain script '/home/harshit/CDE2310-Group13-24-25-Sem2/Software/install/setup.bash'
[3.503s] INFO:colcon.colcon_core.shell:Creating prefix script '/home/harshit/CDE2310-Group13-24-25-Sem2/Software/install/local_setup.zsh'
[3.505s] INFO:colcon.colcon_core.shell:Creating prefix chain script '/home/harshit/CDE2310-Group13-24-25-Sem2/Software/install/setup.zsh'
