running egg_info
creating ../../../build/cde2310/cde2310.egg-info
writing ../../../build/cde2310/cde2310.egg-info/PKG-INFO
writing dependency_links to ../../../build/cde2310/cde2310.egg-info/dependency_links.txt
writing entry points to ../../../build/cde2310/cde2310.egg-info/entry_points.txt
writing requirements to ../../../build/cde2310/cde2310.egg-info/requires.txt
writing top-level names to ../../../build/cde2310/cde2310.egg-info/top_level.txt
writing manifest file '../../../build/cde2310/cde2310.egg-info/SOURCES.txt'
reading manifest file '../../../build/cde2310/cde2310.egg-info/SOURCES.txt'
writing manifest file '../../../build/cde2310/cde2310.egg-info/SOURCES.txt'
running build
running build_py
creating /home/harshit/CDE2310-Group13-24-25-Sem2/Software/build/cde2310/build
creating /home/harshit/CDE2310-Group13-24-25-Sem2/Software/build/cde2310/build/lib
creating /home/harshit/CDE2310-Group13-24-25-Sem2/Software/build/cde2310/build/lib/cde2310
copying cde2310/thermal.py -> /home/harshit/CDE2310-Group13-24-25-Sem2/Software/build/cde2310/build/lib/cde2310
copying cde2310/__init__.py -> /home/harshit/CDE2310-Group13-24-25-Sem2/Software/build/cde2310/build/lib/cde2310
running install
running install_lib
creating /home/harshit/CDE2310-Group13-24-25-Sem2/Software/install/cde2310/lib/python3.10/site-packages/cde2310
copying /home/harshit/CDE2310-Group13-24-25-Sem2/Software/build/cde2310/build/lib/cde2310/thermal.py -> /home/harshit/CDE2310-Group13-24-25-Sem2/Software/install/cde2310/lib/python3.10/site-packages/cde2310
copying /home/harshit/CDE2310-Group13-24-25-Sem2/Software/build/cde2310/build/lib/cde2310/__init__.py -> /home/harshit/CDE2310-Group13-24-25-Sem2/Software/install/cde2310/lib/python3.10/site-packages/cde2310
byte-compiling /home/harshit/CDE2310-Group13-24-25-Sem2/Software/install/cde2310/lib/python3.10/site-packages/cde2310/thermal.py to thermal.cpython-310.pyc
byte-compiling /home/harshit/CDE2310-Group13-24-25-Sem2/Software/install/cde2310/lib/python3.10/site-packages/cde2310/__init__.py to __init__.cpython-310.pyc
running install_data
creating /home/harshit/CDE2310-Group13-24-25-Sem2/Software/install/cde2310/share/cde2310/launch
copying launch/full_autonomy_launch.py -> /home/harshit/CDE2310-Group13-24-25-Sem2/Software/install/cde2310/share/cde2310/launch
creating /home/harshit/CDE2310-Group13-24-25-Sem2/Software/install/cde2310/share/cde2310/config
copying config/nav2_params.yaml -> /home/harshit/CDE2310-Group13-24-25-Sem2/Software/install/cde2310/share/cde2310/config
creating /home/harshit/CDE2310-Group13-24-25-Sem2/Software/install/cde2310/share/ament_index
creating /home/harshit/CDE2310-Group13-24-25-Sem2/Software/install/cde2310/share/ament_index/resource_index
creating /home/harshit/CDE2310-Group13-24-25-Sem2/Software/install/cde2310/share/ament_index/resource_index/packages
copying resource/cde2310 -> /home/harshit/CDE2310-Group13-24-25-Sem2/Software/install/cde2310/share/ament_index/resource_index/packages
copying package.xml -> /home/harshit/CDE2310-Group13-24-25-Sem2/Software/install/cde2310/share/cde2310
running install_egg_info
Copying ../../../build/cde2310/cde2310.egg-info to /home/harshit/CDE2310-Group13-24-25-Sem2/Software/install/cde2310/lib/python3.10/site-packages/cde2310-0.0.0-py3.10.egg-info
running install_scripts
Installing thermal script to /home/harshit/CDE2310-Group13-24-25-Sem2/Software/install/cde2310/lib/cde2310
writing list of installed files to '/home/harshit/CDE2310-Group13-24-25-Sem2/Software/build/cde2310/install.log'
