[1.969s] Invoking command in '/home/harshit/CDE2310-Group13-24-25-Sem2/Software/workspace/src/cde2310': CONDA_PROMPT_MODIFIER=(base) PYTHONPATH=/home/harshit/CDE2310-Group13-24-25-Sem2/Software/build/cde2310/prefix_override:/usr/lib/python3/dist-packages/colcon_core/task/python/colcon_distutils_commands:/home/harshit/CDE2310-Group13-24-25-Sem2/Software/install/cde2310/lib/python3.10/site-packages:${PYTHONPATH} /usr/bin/python3 -W ignore:setup.py install is deprecated -W ignore:easy_install command is deprecated setup.py egg_info --egg-base ../../../build/cde2310 build --build-base /home/harshit/CDE2310-Group13-24-25-Sem2/Software/build/cde2310/build install --record /home/harshit/CDE2310-Group13-24-25-Sem2/Software/build/cde2310/install.log --single-version-externally-managed install_data
[2.465s] running egg_info
[2.467s] creating ../../../build/cde2310/cde2310.egg-info
[2.468s] writing ../../../build/cde2310/cde2310.egg-info/PKG-INFO
[2.468s] writing dependency_links to ../../../build/cde2310/cde2310.egg-info/dependency_links.txt
[2.469s] writing entry points to ../../../build/cde2310/cde2310.egg-info/entry_points.txt
[2.470s] writing requirements to ../../../build/cde2310/cde2310.egg-info/requires.txt
[2.470s] writing top-level names to ../../../build/cde2310/cde2310.egg-info/top_level.txt
[2.470s] writing manifest file '../../../build/cde2310/cde2310.egg-info/SOURCES.txt'
[2.470s] reading manifest file '../../../build/cde2310/cde2310.egg-info/SOURCES.txt'
[2.472s] writing manifest file '../../../build/cde2310/cde2310.egg-info/SOURCES.txt'
[2.472s] running build
[2.472s] running build_py
[2.474s] creating /home/harshit/CDE2310-Group13-24-25-Sem2/Software/build/cde2310/build
[2.474s] creating /home/harshit/CDE2310-Group13-24-25-Sem2/Software/build/cde2310/build/lib
[2.475s] creating /home/harshit/CDE2310-Group13-24-25-Sem2/Software/build/cde2310/build/lib/cde2310
[2.475s] copying cde2310/thermal.py -> /home/harshit/CDE2310-Group13-24-25-Sem2/Software/build/cde2310/build/lib/cde2310
[2.475s] copying cde2310/__init__.py -> /home/harshit/CDE2310-Group13-24-25-Sem2/Software/build/cde2310/build/lib/cde2310
[2.475s] running install
[2.476s] running install_lib
[2.478s] creating /home/harshit/CDE2310-Group13-24-25-Sem2/Software/install/cde2310/lib/python3.10/site-packages/cde2310
[2.480s] copying /home/harshit/CDE2310-Group13-24-25-Sem2/Software/build/cde2310/build/lib/cde2310/thermal.py -> /home/harshit/CDE2310-Group13-24-25-Sem2/Software/install/cde2310/lib/python3.10/site-packages/cde2310
[2.480s] copying /home/harshit/CDE2310-Group13-24-25-Sem2/Software/build/cde2310/build/lib/cde2310/__init__.py -> /home/harshit/CDE2310-Group13-24-25-Sem2/Software/install/cde2310/lib/python3.10/site-packages/cde2310
[2.481s] byte-compiling /home/harshit/CDE2310-Group13-24-25-Sem2/Software/install/cde2310/lib/python3.10/site-packages/cde2310/thermal.py to thermal.cpython-310.pyc
[2.481s] byte-compiling /home/harshit/CDE2310-Group13-24-25-Sem2/Software/install/cde2310/lib/python3.10/site-packages/cde2310/__init__.py to __init__.cpython-310.pyc
[2.481s] running install_data
[2.482s] creating /home/harshit/CDE2310-Group13-24-25-Sem2/Software/install/cde2310/share/cde2310/launch
[2.482s] copying launch/full_autonomy_launch.py -> /home/harshit/CDE2310-Group13-24-25-Sem2/Software/install/cde2310/share/cde2310/launch
[2.482s] creating /home/harshit/CDE2310-Group13-24-25-Sem2/Software/install/cde2310/share/cde2310/config
[2.482s] copying config/nav2_params.yaml -> /home/harshit/CDE2310-Group13-24-25-Sem2/Software/install/cde2310/share/cde2310/config
[2.484s] creating /home/harshit/CDE2310-Group13-24-25-Sem2/Software/install/cde2310/share/ament_index
[2.484s] creating /home/harshit/CDE2310-Group13-24-25-Sem2/Software/install/cde2310/share/ament_index/resource_index
[2.484s] creating /home/harshit/CDE2310-Group13-24-25-Sem2/Software/install/cde2310/share/ament_index/resource_index/packages
[2.484s] copying resource/cde2310 -> /home/harshit/CDE2310-Group13-24-25-Sem2/Software/install/cde2310/share/ament_index/resource_index/packages
[2.485s] copying package.xml -> /home/harshit/CDE2310-Group13-24-25-Sem2/Software/install/cde2310/share/cde2310
[2.485s] running install_egg_info
[2.489s] Copying ../../../build/cde2310/cde2310.egg-info to /home/harshit/CDE2310-Group13-24-25-Sem2/Software/install/cde2310/lib/python3.10/site-packages/cde2310-0.0.0-py3.10.egg-info
[2.490s] running install_scripts
[2.534s] Installing thermal script to /home/harshit/CDE2310-Group13-24-25-Sem2/Software/install/cde2310/lib/cde2310
[2.534s] writing list of installed files to '/home/harshit/CDE2310-Group13-24-25-Sem2/Software/build/cde2310/install.log'
[2.628s] Invoked command in '/home/harshit/CDE2310-Group13-24-25-Sem2/Software/workspace/src/cde2310' returned '0': CONDA_PROMPT_MODIFIER=(base) PYTHONPATH=/home/harshit/CDE2310-Group13-24-25-Sem2/Software/build/cde2310/prefix_override:/usr/lib/python3/dist-packages/colcon_core/task/python/colcon_distutils_commands:/home/harshit/CDE2310-Group13-24-25-Sem2/Software/install/cde2310/lib/python3.10/site-packages:${PYTHONPATH} /usr/bin/python3 -W ignore:setup.py install is deprecated -W ignore:easy_install command is deprecated setup.py egg_info --egg-base ../../../build/cde2310 build --build-base /home/harshit/CDE2310-Group13-24-25-Sem2/Software/build/cde2310/build install --record /home/harshit/CDE2310-Group13-24-25-Sem2/Software/build/cde2310/install.log --single-version-externally-managed install_data
