[0.450s] DEBUG:colcon:Command line arguments: ['/usr/bin/colcon', 'build']
[0.450s] DEBUG:colcon:Parsed command line arguments: Namespace(log_base=None, log_level=None, verb_name='build', build_base='build', install_base='install', merge_install=False, symlink_install=False, test_result_base=None, continue_on_error=False, executor='parallel', parallel_workers=8, event_handlers=None, ignore_user_meta=False, metas=['./colcon.meta'], base_paths=['.'], packages_ignore=None, packages_ignore_regex=None, paths=None, packages_up_to=None, packages_up_to_regex=None, packages_above=None, packages_above_and_dependencies=None, packages_above_depth=None, packages_select_by_dep=None, packages_skip_by_dep=None, packages_skip_up_to=None, packages_select_build_failed=False, packages_skip_build_finished=False, packages_select_test_failures=False, packages_skip_test_passed=False, packages_select=None, packages_skip=None, packages_select_regex=None, packages_skip_regex=None, packages_start=None, packages_end=None, allow_overriding=[], cmake_args=None, cmake_target=None, cmake_target_skip_unavailable=False, cmake_clean_cache=False, cmake_clean_first=False, cmake_force_configure=False, ament_cmake_args=None, catkin_cmake_args=None, catkin_skip_building_tests=False, mixin_files=None, mixin=None, verb_parser=<colcon_mixin.mixin.mixin_argument.MixinArgumentDecorator object at 0x7f56c4b7d480>, verb_extension=<colcon_core.verb.build.BuildVerb object at 0x7f56c4b7cfd0>, main=<bound method BuildVerb.main of <colcon_core.verb.build.BuildVerb object at 0x7f56c4b7cfd0>>, mixin_verb=('build',))
[1.175s] Level 1:colcon.colcon_core.package_discovery:discover_packages(colcon_meta) check parameters
[1.176s] Level 1:colcon.colcon_core.package_discovery:discover_packages(recursive) check parameters
[1.176s] Level 1:colcon.colcon_core.package_discovery:discover_packages(ignore) check parameters
[1.176s] Level 1:colcon.colcon_core.package_discovery:discover_packages(path) check parameters
[1.176s] Level 1:colcon.colcon_core.package_discovery:discover_packages(colcon_meta) discover
[1.177s] Level 1:colcon.colcon_core.package_discovery:discover_packages(recursive) discover
[1.178s] INFO:colcon.colcon_core.package_discovery:Crawling recursively for packages in '/home/harshit/CDE2310-Group13-24-25-Sem2/Software'
[1.178s] Level 1:colcon.colcon_core.package_identification:_identify(.) by extensions ['ignore', 'ignore_ament_install']
[1.179s] Level 1:colcon.colcon_core.package_identification:_identify(.) by extension 'ignore'
[1.179s] Level 1:colcon.colcon_core.package_identification:_identify(.) by extension 'ignore_ament_install'
[1.179s] Level 1:colcon.colcon_core.package_identification:_identify(.) by extensions ['colcon_pkg']
[1.180s] Level 1:colcon.colcon_core.package_identification:_identify(.) by extension 'colcon_pkg'
[1.180s] Level 1:colcon.colcon_core.package_identification:_identify(.) by extensions ['colcon_meta']
[1.180s] Level 1:colcon.colcon_core.package_identification:_identify(.) by extension 'colcon_meta'
[1.180s] Level 1:colcon.colcon_core.package_identification:_identify(.) by extensions ['ros']
[1.180s] Level 1:colcon.colcon_core.package_identification:_identify(.) by extension 'ros'
[1.254s] Level 1:colcon.colcon_core.package_identification:_identify(.) by extensions ['cmake', 'python']
[1.254s] Level 1:colcon.colcon_core.package_identification:_identify(.) by extension 'cmake'
[1.254s] Level 1:colcon.colcon_core.package_identification:_identify(.) by extension 'python'
[1.254s] Level 1:colcon.colcon_core.package_identification:_identify(.) by extensions ['python_setup_py']
[1.254s] Level 1:colcon.colcon_core.package_identification:_identify(.) by extension 'python_setup_py'
[1.255s] Level 1:colcon.colcon_core.package_identification:_identify(build) by extensions ['ignore', 'ignore_ament_install']
[1.255s] Level 1:colcon.colcon_core.package_identification:_identify(build) by extension 'ignore'
[1.255s] Level 1:colcon.colcon_core.package_identification:_identify(build) ignored
[1.256s] Level 1:colcon.colcon_core.package_identification:_identify(install) by extensions ['ignore', 'ignore_ament_install']
[1.256s] Level 1:colcon.colcon_core.package_identification:_identify(install) by extension 'ignore'
[1.256s] Level 1:colcon.colcon_core.package_identification:_identify(install) ignored
[1.257s] Level 1:colcon.colcon_core.package_identification:_identify(log) by extensions ['ignore', 'ignore_ament_install']
[1.257s] Level 1:colcon.colcon_core.package_identification:_identify(log) by extension 'ignore'
[1.257s] Level 1:colcon.colcon_core.package_identification:_identify(log) ignored
[1.257s] Level 1:colcon.colcon_core.package_identification:_identify(workspace) by extensions ['ignore', 'ignore_ament_install']
[1.258s] Level 1:colcon.colcon_core.package_identification:_identify(workspace) by extension 'ignore'
[1.258s] Level 1:colcon.colcon_core.package_identification:_identify(workspace) by extension 'ignore_ament_install'
[1.258s] Level 1:colcon.colcon_core.package_identification:_identify(workspace) by extensions ['colcon_pkg']
[1.258s] Level 1:colcon.colcon_core.package_identification:_identify(workspace) by extension 'colcon_pkg'
[1.258s] Level 1:colcon.colcon_core.package_identification:_identify(workspace) by extensions ['colcon_meta']
[1.258s] Level 1:colcon.colcon_core.package_identification:_identify(workspace) by extension 'colcon_meta'
[1.258s] Level 1:colcon.colcon_core.package_identification:_identify(workspace) by extensions ['ros']
[1.259s] Level 1:colcon.colcon_core.package_identification:_identify(workspace) by extension 'ros'
[1.259s] Level 1:colcon.colcon_core.package_identification:_identify(workspace) by extensions ['cmake', 'python']
[1.259s] Level 1:colcon.colcon_core.package_identification:_identify(workspace) by extension 'cmake'
[1.259s] Level 1:colcon.colcon_core.package_identification:_identify(workspace) by extension 'python'
[1.259s] Level 1:colcon.colcon_core.package_identification:_identify(workspace) by extensions ['python_setup_py']
[1.259s] Level 1:colcon.colcon_core.package_identification:_identify(workspace) by extension 'python_setup_py'
[1.260s] Level 1:colcon.colcon_core.package_identification:_identify(workspace/build) by extensions ['ignore', 'ignore_ament_install']
[1.260s] Level 1:colcon.colcon_core.package_identification:_identify(workspace/build) by extension 'ignore'
[1.260s] Level 1:colcon.colcon_core.package_identification:_identify(workspace/build) ignored
[1.260s] Level 1:colcon.colcon_core.package_identification:_identify(workspace/install) by extensions ['ignore', 'ignore_ament_install']
[1.261s] Level 1:colcon.colcon_core.package_identification:_identify(workspace/install) by extension 'ignore'
[1.261s] Level 1:colcon.colcon_core.package_identification:_identify(workspace/install) ignored
[1.261s] Level 1:colcon.colcon_core.package_identification:_identify(workspace/log) by extensions ['ignore', 'ignore_ament_install']
[1.262s] Level 1:colcon.colcon_core.package_identification:_identify(workspace/log) by extension 'ignore'
[1.262s] Level 1:colcon.colcon_core.package_identification:_identify(workspace/log) ignored
[1.262s] Level 1:colcon.colcon_core.package_identification:_identify(workspace/src) by extensions ['ignore', 'ignore_ament_install']
[1.262s] Level 1:colcon.colcon_core.package_identification:_identify(workspace/src) by extension 'ignore'
[1.263s] Level 1:colcon.colcon_core.package_identification:_identify(workspace/src) by extension 'ignore_ament_install'
[1.263s] Level 1:colcon.colcon_core.package_identification:_identify(workspace/src) by extensions ['colcon_pkg']
[1.263s] Level 1:colcon.colcon_core.package_identification:_identify(workspace/src) by extension 'colcon_pkg'
[1.263s] Level 1:colcon.colcon_core.package_identification:_identify(workspace/src) by extensions ['colcon_meta']
[1.263s] Level 1:colcon.colcon_core.package_identification:_identify(workspace/src) by extension 'colcon_meta'
[1.263s] Level 1:colcon.colcon_core.package_identification:_identify(workspace/src) by extensions ['ros']
[1.263s] Level 1:colcon.colcon_core.package_identification:_identify(workspace/src) by extension 'ros'
[1.264s] Level 1:colcon.colcon_core.package_identification:_identify(workspace/src) by extensions ['cmake', 'python']
[1.264s] Level 1:colcon.colcon_core.package_identification:_identify(workspace/src) by extension 'cmake'
[1.264s] Level 1:colcon.colcon_core.package_identification:_identify(workspace/src) by extension 'python'
[1.264s] Level 1:colcon.colcon_core.package_identification:_identify(workspace/src) by extensions ['python_setup_py']
[1.264s] Level 1:colcon.colcon_core.package_identification:_identify(workspace/src) by extension 'python_setup_py'
[1.265s] Level 1:colcon.colcon_core.package_identification:_identify(workspace/src/Autonomous-Explorer-and-Mapper-ros2-nav2) by extensions ['ignore', 'ignore_ament_install']
[1.265s] Level 1:colcon.colcon_core.package_identification:_identify(workspace/src/Autonomous-Explorer-and-Mapper-ros2-nav2) by extension 'ignore'
[1.265s] Level 1:colcon.colcon_core.package_identification:_identify(workspace/src/Autonomous-Explorer-and-Mapper-ros2-nav2) by extension 'ignore_ament_install'
[1.265s] Level 1:colcon.colcon_core.package_identification:_identify(workspace/src/Autonomous-Explorer-and-Mapper-ros2-nav2) by extensions ['colcon_pkg']
[1.265s] Level 1:colcon.colcon_core.package_identification:_identify(workspace/src/Autonomous-Explorer-and-Mapper-ros2-nav2) by extension 'colcon_pkg'
[1.265s] Level 1:colcon.colcon_core.package_identification:_identify(workspace/src/Autonomous-Explorer-and-Mapper-ros2-nav2) by extensions ['colcon_meta']
[1.266s] Level 1:colcon.colcon_core.package_identification:_identify(workspace/src/Autonomous-Explorer-and-Mapper-ros2-nav2) by extension 'colcon_meta'
[1.266s] Level 1:colcon.colcon_core.package_identification:_identify(workspace/src/Autonomous-Explorer-and-Mapper-ros2-nav2) by extensions ['ros']
[1.266s] Level 1:colcon.colcon_core.package_identification:_identify(workspace/src/Autonomous-Explorer-and-Mapper-ros2-nav2) by extension 'ros'
[1.276s] DEBUG:colcon.colcon_core.package_identification:Package 'workspace/src/Autonomous-Explorer-and-Mapper-ros2-nav2' with type 'ros.ament_python' and name 'custom_explorer'
[1.277s] Level 1:colcon.colcon_core.package_identification:_identify(workspace/src/cde2310) by extensions ['ignore', 'ignore_ament_install']
[1.277s] Level 1:colcon.colcon_core.package_identification:_identify(workspace/src/cde2310) by extension 'ignore'
[1.278s] Level 1:colcon.colcon_core.package_identification:_identify(workspace/src/cde2310) by extension 'ignore_ament_install'
[1.278s] Level 1:colcon.colcon_core.package_identification:_identify(workspace/src/cde2310) by extensions ['colcon_pkg']
[1.278s] Level 1:colcon.colcon_core.package_identification:_identify(workspace/src/cde2310) by extension 'colcon_pkg'
[1.278s] Level 1:colcon.colcon_core.package_identification:_identify(workspace/src/cde2310) by extensions ['colcon_meta']
[1.278s] Level 1:colcon.colcon_core.package_identification:_identify(workspace/src/cde2310) by extension 'colcon_meta'
[1.278s] Level 1:colcon.colcon_core.package_identification:_identify(workspace/src/cde2310) by extensions ['ros']
[1.278s] Level 1:colcon.colcon_core.package_identification:_identify(workspace/src/cde2310) by extension 'ros'
[1.281s] DEBUG:colcon.colcon_core.package_identification:Package 'workspace/src/cde2310' with type 'ros.ament_python' and name 'cde2310'
[1.281s] Level 1:colcon.colcon_core.package_discovery:discover_packages(recursive) using defaults
[1.281s] Level 1:colcon.colcon_core.package_discovery:discover_packages(ignore) discover
[1.281s] Level 1:colcon.colcon_core.package_discovery:discover_packages(ignore) using defaults
[1.281s] Level 1:colcon.colcon_core.package_discovery:discover_packages(path) discover
[1.282s] Level 1:colcon.colcon_core.package_discovery:discover_packages(path) using defaults
[1.364s] Level 1:colcon.colcon_core.package_discovery:discover_packages(prefix_path) check parameters
[1.364s] Level 1:colcon.colcon_core.package_discovery:discover_packages(prefix_path) discover
[1.372s] DEBUG:colcon.colcon_installed_package_information.package_discovery:Found 2 installed packages in /home/harshit/CDE2310-Group13-24-25-Sem2/Software/install
[1.373s] DEBUG:colcon.colcon_installed_package_information.package_discovery:Found 2 installed packages in /home/harshit/CDE2310-Group13-24-25-Sem2/Software/workspace/install
[1.375s] DEBUG:colcon.colcon_installed_package_information.package_discovery:Found 6 installed packages in /home/harshit/colcon_ws/install
[1.378s] DEBUG:colcon.colcon_installed_package_information.package_discovery:Found 12 installed packages in /home/harshit/turtlebot3_ws/install
[1.385s] DEBUG:colcon.colcon_installed_package_information.package_discovery:Found 402 installed packages in /opt/ros/humble
[1.399s] Level 1:colcon.colcon_core.package_discovery:discover_packages(prefix_path) using defaults
[1.597s] Level 5:colcon.colcon_core.verb:set package 'cde2310' build argument 'cmake_args' from command line to 'None'
[1.598s] Level 5:colcon.colcon_core.verb:set package 'cde2310' build argument 'cmake_target' from command line to 'None'
[1.598s] Level 5:colcon.colcon_core.verb:set package 'cde2310' build argument 'cmake_target_skip_unavailable' from command line to 'False'
[1.598s] Level 5:colcon.colcon_core.verb:set package 'cde2310' build argument 'cmake_clean_cache' from command line to 'False'
[1.598s] Level 5:colcon.colcon_core.verb:set package 'cde2310' build argument 'cmake_clean_first' from command line to 'False'
[1.598s] Level 5:colcon.colcon_core.verb:set package 'cde2310' build argument 'cmake_force_configure' from command line to 'False'
[1.598s] Level 5:colcon.colcon_core.verb:set package 'cde2310' build argument 'ament_cmake_args' from command line to 'None'
[1.598s] Level 5:colcon.colcon_core.verb:set package 'cde2310' build argument 'catkin_cmake_args' from command line to 'None'
[1.599s] Level 5:colcon.colcon_core.verb:set package 'cde2310' build argument 'catkin_skip_building_tests' from command line to 'False'
[1.599s] DEBUG:colcon.colcon_core.verb:Building package 'cde2310' with the following arguments: {'ament_cmake_args': None, 'build_base': '/home/harshit/CDE2310-Group13-24-25-Sem2/Software/build/cde2310', 'catkin_cmake_args': None, 'catkin_skip_building_tests': False, 'cmake_args': None, 'cmake_clean_cache': False, 'cmake_clean_first': False, 'cmake_force_configure': False, 'cmake_target': None, 'cmake_target_skip_unavailable': False, 'install_base': '/home/harshit/CDE2310-Group13-24-25-Sem2/Software/install/cde2310', 'merge_install': False, 'path': '/home/harshit/CDE2310-Group13-24-25-Sem2/Software/workspace/src/cde2310', 'symlink_install': False, 'test_result_base': None}
[1.600s] Level 5:colcon.colcon_core.verb:set package 'custom_explorer' build argument 'cmake_args' from command line to 'None'
[1.600s] Level 5:colcon.colcon_core.verb:set package 'custom_explorer' build argument 'cmake_target' from command line to 'None'
[1.601s] Level 5:colcon.colcon_core.verb:set package 'custom_explorer' build argument 'cmake_target_skip_unavailable' from command line to 'False'
[1.601s] Level 5:colcon.colcon_core.verb:set package 'custom_explorer' build argument 'cmake_clean_cache' from command line to 'False'
[1.601s] Level 5:colcon.colcon_core.verb:set package 'custom_explorer' build argument 'cmake_clean_first' from command line to 'False'
[1.601s] Level 5:colcon.colcon_core.verb:set package 'custom_explorer' build argument 'cmake_force_configure' from command line to 'False'
[1.601s] Level 5:colcon.colcon_core.verb:set package 'custom_explorer' build argument 'ament_cmake_args' from command line to 'None'
[1.601s] Level 5:colcon.colcon_core.verb:set package 'custom_explorer' build argument 'catkin_cmake_args' from command line to 'None'
[1.601s] Level 5:colcon.colcon_core.verb:set package 'custom_explorer' build argument 'catkin_skip_building_tests' from command line to 'False'
[1.601s] DEBUG:colcon.colcon_core.verb:Building package 'custom_explorer' with the following arguments: {'ament_cmake_args': None, 'build_base': '/home/harshit/CDE2310-Group13-24-25-Sem2/Software/build/custom_explorer', 'catkin_cmake_args': None, 'catkin_skip_building_tests': False, 'cmake_args': None, 'cmake_clean_cache': False, 'cmake_clean_first': False, 'cmake_force_configure': False, 'cmake_target': None, 'cmake_target_skip_unavailable': False, 'install_base': '/home/harshit/CDE2310-Group13-24-25-Sem2/Software/install/custom_explorer', 'merge_install': False, 'path': '/home/harshit/CDE2310-Group13-24-25-Sem2/Software/workspace/src/Autonomous-Explorer-and-Mapper-ros2-nav2', 'symlink_install': False, 'test_result_base': None}
[1.602s] INFO:colcon.colcon_core.executor:Executing jobs using 'parallel' executor
[1.606s] DEBUG:colcon.colcon_parallel_executor.executor.parallel:run_until_complete
[1.607s] INFO:colcon.colcon_ros.task.ament_python.build:Building ROS package in '/home/harshit/CDE2310-Group13-24-25-Sem2/Software/workspace/src/cde2310' with build type 'ament_python'
[1.607s] Level 1:colcon.colcon_core.shell:create_environment_hook('cde2310', 'ament_prefix_path')
[1.619s] INFO:colcon.colcon_core.plugin_system:Skipping extension 'colcon_core.shell.bat': Not used on non-Windows systems
[1.619s] INFO:colcon.colcon_core.shell:Creating environment hook '/home/harshit/CDE2310-Group13-24-25-Sem2/Software/install/cde2310/share/cde2310/hook/ament_prefix_path.ps1'
[1.628s] INFO:colcon.colcon_core.shell:Creating environment descriptor '/home/harshit/CDE2310-Group13-24-25-Sem2/Software/install/cde2310/share/cde2310/hook/ament_prefix_path.dsv'
[1.632s] INFO:colcon.colcon_core.shell:Creating environment hook '/home/harshit/CDE2310-Group13-24-25-Sem2/Software/install/cde2310/share/cde2310/hook/ament_prefix_path.sh'
[1.637s] INFO:colcon.colcon_core.shell:Skip shell extension 'powershell' for command environment: Not usable outside of PowerShell
[1.637s] DEBUG:colcon.colcon_core.shell:Skip shell extension 'dsv' for command environment
[1.674s] INFO:colcon.colcon_ros.task.ament_python.build:Building ROS package in '/home/harshit/CDE2310-Group13-24-25-Sem2/Software/workspace/src/Autonomous-Explorer-and-Mapper-ros2-nav2' with build type 'ament_python'
[1.674s] Level 1:colcon.colcon_core.shell:create_environment_hook('custom_explorer', 'ament_prefix_path')
[1.675s] INFO:colcon.colcon_core.shell:Creating environment hook '/home/harshit/CDE2310-Group13-24-25-Sem2/Software/install/custom_explorer/share/custom_explorer/hook/ament_prefix_path.ps1'
[1.679s] INFO:colcon.colcon_core.shell:Creating environment descriptor '/home/harshit/CDE2310-Group13-24-25-Sem2/Software/install/custom_explorer/share/custom_explorer/hook/ament_prefix_path.dsv'
[1.682s] INFO:colcon.colcon_core.shell:Creating environment hook '/home/harshit/CDE2310-Group13-24-25-Sem2/Software/install/custom_explorer/share/custom_explorer/hook/ament_prefix_path.sh'
[1.686s] INFO:colcon.colcon_core.shell:Skip shell extension 'powershell' for command environment: Not usable outside of PowerShell
[1.687s] DEBUG:colcon.colcon_core.shell:Skip shell extension 'dsv' for command environment
[2.801s] INFO:colcon.colcon_core.task.python.build:Building Python package in '/home/harshit/CDE2310-Group13-24-25-Sem2/Software/workspace/src/cde2310'
[2.803s] INFO:colcon.colcon_core.shell:Skip shell extension 'powershell' for command environment: Not usable outside of PowerShell
[2.803s] DEBUG:colcon.colcon_core.shell:Skip shell extension 'dsv' for command environment
[3.871s] INFO:colcon.colcon_core.task.python.build:Building Python package in '/home/harshit/CDE2310-Group13-24-25-Sem2/Software/workspace/src/Autonomous-Explorer-and-Mapper-ros2-nav2'
[3.873s] INFO:colcon.colcon_core.shell:Skip shell extension 'powershell' for command environment: Not usable outside of PowerShell
[3.873s] DEBUG:colcon.colcon_core.shell:Skip shell extension 'dsv' for command environment
[5.521s] DEBUG:colcon.colcon_core.event_handler.log_command:Invoking command in '/home/harshit/CDE2310-Group13-24-25-Sem2/Software/workspace/src/Autonomous-Explorer-and-Mapper-ros2-nav2': CONDA_PROMPT_MODIFIER=(base) PYTHONPATH=/home/harshit/CDE2310-Group13-24-25-Sem2/Software/build/custom_explorer/prefix_override:/usr/lib/python3/dist-packages/colcon_core/task/python/colcon_distutils_commands:/home/harshit/CDE2310-Group13-24-25-Sem2/Software/install/custom_explorer/lib/python3.10/site-packages:${PYTHONPATH} /usr/bin/python3 -W ignore:setup.py install is deprecated -W ignore:easy_install command is deprecated setup.py egg_info --egg-base ../../../build/custom_explorer build --build-base /home/harshit/CDE2310-Group13-24-25-Sem2/Software/build/custom_explorer/build install --record /home/harshit/CDE2310-Group13-24-25-Sem2/Software/build/custom_explorer/install.log --single-version-externally-managed install_data
[5.942s] DEBUG:colcon.colcon_core.event_handler.log_command:Invoking command in '/home/harshit/CDE2310-Group13-24-25-Sem2/Software/workspace/src/cde2310': CONDA_PROMPT_MODIFIER=(base) PYTHONPATH=/home/harshit/CDE2310-Group13-24-25-Sem2/Software/build/cde2310/prefix_override:/usr/lib/python3/dist-packages/colcon_core/task/python/colcon_distutils_commands:/home/harshit/CDE2310-Group13-24-25-Sem2/Software/install/cde2310/lib/python3.10/site-packages:${PYTHONPATH} /usr/bin/python3 -W ignore:setup.py install is deprecated -W ignore:easy_install command is deprecated setup.py egg_info --egg-base ../../../build/cde2310 build --build-base /home/harshit/CDE2310-Group13-24-25-Sem2/Software/build/cde2310/build install --record /home/harshit/CDE2310-Group13-24-25-Sem2/Software/build/cde2310/install.log --single-version-externally-managed install_data
[6.974s] DEBUG:colcon.colcon_core.event_handler.log_command:Invoked command in '/home/harshit/CDE2310-Group13-24-25-Sem2/Software/workspace/src/Autonomous-Explorer-and-Mapper-ros2-nav2' returned '0': CONDA_PROMPT_MODIFIER=(base) PYTHONPATH=/home/harshit/CDE2310-Group13-24-25-Sem2/Software/build/custom_explorer/prefix_override:/usr/lib/python3/dist-packages/colcon_core/task/python/colcon_distutils_commands:/home/harshit/CDE2310-Group13-24-25-Sem2/Software/install/custom_explorer/lib/python3.10/site-packages:${PYTHONPATH} /usr/bin/python3 -W ignore:setup.py install is deprecated -W ignore:easy_install command is deprecated setup.py egg_info --egg-base ../../../build/custom_explorer build --build-base /home/harshit/CDE2310-Group13-24-25-Sem2/Software/build/custom_explorer/build install --record /home/harshit/CDE2310-Group13-24-25-Sem2/Software/build/custom_explorer/install.log --single-version-externally-managed install_data
[6.988s] Level 1:colcon.colcon_core.environment:checking '/home/harshit/CDE2310-Group13-24-25-Sem2/Software/install/custom_explorer' for CMake module files
[6.990s] Level 1:colcon.colcon_core.environment:checking '/home/harshit/CDE2310-Group13-24-25-Sem2/Software/install/custom_explorer' for CMake config files
[6.993s] Level 1:colcon.colcon_core.environment:checking '/home/harshit/CDE2310-Group13-24-25-Sem2/Software/install/custom_explorer/lib'
[6.994s] Level 1:colcon.colcon_core.environment:checking '/home/harshit/CDE2310-Group13-24-25-Sem2/Software/install/custom_explorer/bin'
[6.994s] Level 1:colcon.colcon_core.environment:checking '/home/harshit/CDE2310-Group13-24-25-Sem2/Software/install/custom_explorer/lib/pkgconfig/custom_explorer.pc'
[6.995s] Level 1:colcon.colcon_core.environment:checking '/home/harshit/CDE2310-Group13-24-25-Sem2/Software/install/custom_explorer/lib/python3.10/site-packages'
[6.995s] Level 1:colcon.colcon_core.shell:create_environment_hook('custom_explorer', 'pythonpath')
[6.996s] INFO:colcon.colcon_core.shell:Creating environment hook '/home/harshit/CDE2310-Group13-24-25-Sem2/Software/install/custom_explorer/share/custom_explorer/hook/pythonpath.ps1'
[6.998s] INFO:colcon.colcon_core.shell:Creating environment descriptor '/home/harshit/CDE2310-Group13-24-25-Sem2/Software/install/custom_explorer/share/custom_explorer/hook/pythonpath.dsv'
[7.000s] INFO:colcon.colcon_core.shell:Creating environment hook '/home/harshit/CDE2310-Group13-24-25-Sem2/Software/install/custom_explorer/share/custom_explorer/hook/pythonpath.sh'
[7.003s] Level 1:colcon.colcon_core.environment:checking '/home/harshit/CDE2310-Group13-24-25-Sem2/Software/install/custom_explorer/bin'
[7.004s] Level 1:colcon.colcon_core.environment:create_environment_scripts_only(custom_explorer)
[7.006s] INFO:colcon.colcon_core.shell:Creating package script '/home/harshit/CDE2310-Group13-24-25-Sem2/Software/install/custom_explorer/share/custom_explorer/package.ps1'
[7.012s] INFO:colcon.colcon_core.shell:Creating package descriptor '/home/harshit/CDE2310-Group13-24-25-Sem2/Software/install/custom_explorer/share/custom_explorer/package.dsv'
[7.015s] INFO:colcon.colcon_core.shell:Creating package script '/home/harshit/CDE2310-Group13-24-25-Sem2/Software/install/custom_explorer/share/custom_explorer/package.sh'
[7.020s] INFO:colcon.colcon_core.shell:Creating package script '/home/harshit/CDE2310-Group13-24-25-Sem2/Software/install/custom_explorer/share/custom_explorer/package.bash'
[7.025s] INFO:colcon.colcon_core.shell:Creating package script '/home/harshit/CDE2310-Group13-24-25-Sem2/Software/install/custom_explorer/share/custom_explorer/package.zsh'
[7.029s] Level 1:colcon.colcon_core.environment:create_file_with_runtime_dependencies(/home/harshit/CDE2310-Group13-24-25-Sem2/Software/install/custom_explorer/share/colcon-core/packages/custom_explorer)
[7.435s] Level 1:colcon.colcon_core.environment:checking '/home/harshit/CDE2310-Group13-24-25-Sem2/Software/install/cde2310' for CMake module files
[7.436s] Level 1:colcon.colcon_core.environment:checking '/home/harshit/CDE2310-Group13-24-25-Sem2/Software/install/cde2310' for CMake config files
[7.436s] Level 1:colcon.colcon_core.environment:checking '/home/harshit/CDE2310-Group13-24-25-Sem2/Software/install/cde2310/lib'
[7.438s] DEBUG:colcon.colcon_core.event_handler.log_command:Invoked command in '/home/harshit/CDE2310-Group13-24-25-Sem2/Software/workspace/src/cde2310' returned '0': CONDA_PROMPT_MODIFIER=(base) PYTHONPATH=/home/harshit/CDE2310-Group13-24-25-Sem2/Software/build/cde2310/prefix_override:/usr/lib/python3/dist-packages/colcon_core/task/python/colcon_distutils_commands:/home/harshit/CDE2310-Group13-24-25-Sem2/Software/install/cde2310/lib/python3.10/site-packages:${PYTHONPATH} /usr/bin/python3 -W ignore:setup.py install is deprecated -W ignore:easy_install command is deprecated setup.py egg_info --egg-base ../../../build/cde2310 build --build-base /home/harshit/CDE2310-Group13-24-25-Sem2/Software/build/cde2310/build install --record /home/harshit/CDE2310-Group13-24-25-Sem2/Software/build/cde2310/install.log --single-version-externally-managed install_data
[7.438s] Level 1:colcon.colcon_core.environment:checking '/home/harshit/CDE2310-Group13-24-25-Sem2/Software/install/cde2310/bin'
[7.438s] Level 1:colcon.colcon_core.environment:checking '/home/harshit/CDE2310-Group13-24-25-Sem2/Software/install/cde2310/lib/pkgconfig/cde2310.pc'
[7.439s] Level 1:colcon.colcon_core.environment:checking '/home/harshit/CDE2310-Group13-24-25-Sem2/Software/install/cde2310/lib/python3.10/site-packages'
[7.439s] Level 1:colcon.colcon_core.shell:create_environment_hook('cde2310', 'pythonpath')
[7.439s] INFO:colcon.colcon_core.shell:Creating environment hook '/home/harshit/CDE2310-Group13-24-25-Sem2/Software/install/cde2310/share/cde2310/hook/pythonpath.ps1'
[7.440s] INFO:colcon.colcon_core.shell:Creating environment descriptor '/home/harshit/CDE2310-Group13-24-25-Sem2/Software/install/cde2310/share/cde2310/hook/pythonpath.dsv'
[7.440s] INFO:colcon.colcon_core.shell:Creating environment hook '/home/harshit/CDE2310-Group13-24-25-Sem2/Software/install/cde2310/share/cde2310/hook/pythonpath.sh'
[7.441s] Level 1:colcon.colcon_core.environment:checking '/home/harshit/CDE2310-Group13-24-25-Sem2/Software/install/cde2310/bin'
[7.441s] Level 1:colcon.colcon_core.environment:create_environment_scripts_only(cde2310)
[7.441s] INFO:colcon.colcon_core.shell:Creating package script '/home/harshit/CDE2310-Group13-24-25-Sem2/Software/install/cde2310/share/cde2310/package.ps1'
[7.445s] INFO:colcon.colcon_core.shell:Creating package descriptor '/home/harshit/CDE2310-Group13-24-25-Sem2/Software/install/cde2310/share/cde2310/package.dsv'
[7.446s] INFO:colcon.colcon_core.shell:Creating package script '/home/harshit/CDE2310-Group13-24-25-Sem2/Software/install/cde2310/share/cde2310/package.sh'
[7.447s] INFO:colcon.colcon_core.shell:Creating package script '/home/harshit/CDE2310-Group13-24-25-Sem2/Software/install/cde2310/share/cde2310/package.bash'
[7.448s] INFO:colcon.colcon_core.shell:Creating package script '/home/harshit/CDE2310-Group13-24-25-Sem2/Software/install/cde2310/share/cde2310/package.zsh'
[7.448s] Level 1:colcon.colcon_core.environment:create_file_with_runtime_dependencies(/home/harshit/CDE2310-Group13-24-25-Sem2/Software/install/cde2310/share/colcon-core/packages/cde2310)
[7.449s] DEBUG:colcon.colcon_parallel_executor.executor.parallel:closing loop
[7.450s] DEBUG:colcon.colcon_parallel_executor.executor.parallel:loop closed
[7.451s] DEBUG:colcon.colcon_parallel_executor.executor.parallel:run_until_complete finished with '0'
[7.451s] DEBUG:colcon.colcon_core.event_reactor:joining thread
[7.463s] INFO:colcon.colcon_core.plugin_system:Skipping extension 'colcon_notification.desktop_notification.terminal_notifier': Not used on non-Darwin systems
[7.464s] INFO:colcon.colcon_core.plugin_system:Skipping extension 'colcon_notification.desktop_notification.win32': Not used on non-Windows systems
[7.464s] INFO:colcon.colcon_notification.desktop_notification:Sending desktop notification using 'notify2'
[7.493s] DEBUG:colcon.colcon_core.event_reactor:joined thread
[7.494s] INFO:colcon.colcon_core.shell:Creating prefix script '/home/harshit/CDE2310-Group13-24-25-Sem2/Software/install/local_setup.ps1'
[7.495s] INFO:colcon.colcon_core.shell:Creating prefix util module '/home/harshit/CDE2310-Group13-24-25-Sem2/Software/install/_local_setup_util_ps1.py'
[7.499s] INFO:colcon.colcon_core.shell:Creating prefix chain script '/home/harshit/CDE2310-Group13-24-25-Sem2/Software/install/setup.ps1'
[7.504s] INFO:colcon.colcon_core.shell:Creating prefix script '/home/harshit/CDE2310-Group13-24-25-Sem2/Software/install/local_setup.sh'
[7.506s] INFO:colcon.colcon_core.shell:Creating prefix util module '/home/harshit/CDE2310-Group13-24-25-Sem2/Software/install/_local_setup_util_sh.py'
[7.507s] INFO:colcon.colcon_core.shell:Creating prefix chain script '/home/harshit/CDE2310-Group13-24-25-Sem2/Software/install/setup.sh'
[7.510s] INFO:colcon.colcon_core.shell:Creating prefix script '/home/harshit/CDE2310-Group13-24-25-Sem2/Software/install/local_setup.bash'
[7.510s] INFO:colcon.colcon_core.shell:Creating prefix chain script '/home/harshit/CDE2310-Group13-24-25-Sem2/Software/install/setup.bash'
[7.513s] INFO:colcon.colcon_core.shell:Creating prefix script '/home/harshit/CDE2310-Group13-24-25-Sem2/Software/install/local_setup.zsh'
[7.514s] INFO:colcon.colcon_core.shell:Creating prefix chain script '/home/harshit/CDE2310-Group13-24-25-Sem2/Software/install/setup.zsh'
