[1.974s] Invoking command in '/home/harshit/CDE2310-Group13-24-25-Sem2/Software/workspace/src/Autonomous-Explorer-and-Mapper-ros2-nav2': CONDA_PROMPT_MODIFIER=(base) PYTHONPATH=/home/harshit/CDE2310-Group13-24-25-Sem2/Software/build/custom_explorer/prefix_override:/usr/lib/python3/dist-packages/colcon_core/task/python/colcon_distutils_commands:/home/harshit/CDE2310-Group13-24-25-Sem2/Software/install/custom_explorer/lib/python3.10/site-packages:${PYTHONPATH} /usr/bin/python3 -W ignore:setup.py install is deprecated -W ignore:easy_install command is deprecated setup.py egg_info --egg-base ../../../build/custom_explorer build --build-base /home/harshit/CDE2310-Group13-24-25-Sem2/Software/build/custom_explorer/build install --record /home/harshit/CDE2310-Group13-24-25-Sem2/Software/build/custom_explorer/install.log --single-version-externally-managed install_data
[2.545s] running egg_info
[2.548s] creating ../../../build/custom_explorer/custom_explorer.egg-info
[2.548s] writing ../../../build/custom_explorer/custom_explorer.egg-info/PKG-INFO
[2.549s] writing dependency_links to ../../../build/custom_explorer/custom_explorer.egg-info/dependency_links.txt
[2.549s] writing entry points to ../../../build/custom_explorer/custom_explorer.egg-info/entry_points.txt
[2.549s] writing requirements to ../../../build/custom_explorer/custom_explorer.egg-info/requires.txt
[2.549s] writing top-level names to ../../../build/custom_explorer/custom_explorer.egg-info/top_level.txt
[2.549s] writing manifest file '../../../build/custom_explorer/custom_explorer.egg-info/SOURCES.txt'
[2.553s] reading manifest file '../../../build/custom_explorer/custom_explorer.egg-info/SOURCES.txt'
[2.556s] writing manifest file '../../../build/custom_explorer/custom_explorer.egg-info/SOURCES.txt'
[2.558s] running build
[2.559s] running build_py
[2.559s] creating /home/harshit/CDE2310-Group13-24-25-Sem2/Software/build/custom_explorer/build
[2.559s] creating /home/harshit/CDE2310-Group13-24-25-Sem2/Software/build/custom_explorer/build/lib
[2.559s] creating /home/harshit/CDE2310-Group13-24-25-Sem2/Software/build/custom_explorer/build/lib/custom_explorer
[2.559s] copying custom_explorer/__init__.py -> /home/harshit/CDE2310-Group13-24-25-Sem2/Software/build/custom_explorer/build/lib/custom_explorer
[2.559s] copying custom_explorer/explorer.py -> /home/harshit/CDE2310-Group13-24-25-Sem2/Software/build/custom_explorer/build/lib/custom_explorer
[2.559s] running install
[2.559s] running install_lib
[2.559s] creating /home/harshit/CDE2310-Group13-24-25-Sem2/Software/install/custom_explorer/lib/python3.10/site-packages/custom_explorer
[2.559s] copying /home/harshit/CDE2310-Group13-24-25-Sem2/Software/build/custom_explorer/build/lib/custom_explorer/__init__.py -> /home/harshit/CDE2310-Group13-24-25-Sem2/Software/install/custom_explorer/lib/python3.10/site-packages/custom_explorer
[2.559s] copying /home/harshit/CDE2310-Group13-24-25-Sem2/Software/build/custom_explorer/build/lib/custom_explorer/explorer.py -> /home/harshit/CDE2310-Group13-24-25-Sem2/Software/install/custom_explorer/lib/python3.10/site-packages/custom_explorer
[2.563s] byte-compiling /home/harshit/CDE2310-Group13-24-25-Sem2/Software/install/custom_explorer/lib/python3.10/site-packages/custom_explorer/__init__.py to __init__.cpython-310.pyc
[2.563s] byte-compiling /home/harshit/CDE2310-Group13-24-25-Sem2/Software/install/custom_explorer/lib/python3.10/site-packages/custom_explorer/explorer.py to explorer.cpython-310.pyc
[2.563s] running install_data
[2.565s] creating /home/harshit/CDE2310-Group13-24-25-Sem2/Software/install/custom_explorer/share/ament_index
[2.565s] creating /home/harshit/CDE2310-Group13-24-25-Sem2/Software/install/custom_explorer/share/ament_index/resource_index
[2.565s] creating /home/harshit/CDE2310-Group13-24-25-Sem2/Software/install/custom_explorer/share/ament_index/resource_index/packages
[2.565s] copying resource/custom_explorer -> /home/harshit/CDE2310-Group13-24-25-Sem2/Software/install/custom_explorer/share/ament_index/resource_index/packages
[2.565s] copying package.xml -> /home/harshit/CDE2310-Group13-24-25-Sem2/Software/install/custom_explorer/share/custom_explorer
[2.565s] running install_egg_info
[2.575s] Copying ../../../build/custom_explorer/custom_explorer.egg-info to /home/harshit/CDE2310-Group13-24-25-Sem2/Software/install/custom_explorer/lib/python3.10/site-packages/custom_explorer-0.0.0-py3.10.egg-info
[2.575s] running install_scripts
[2.618s] Installing explorer script to /home/harshit/CDE2310-Group13-24-25-Sem2/Software/install/custom_explorer/lib/custom_explorer
[2.623s] writing list of installed files to '/home/harshit/CDE2310-Group13-24-25-Sem2/Software/build/custom_explorer/install.log'
[2.692s] Invoked command in '/home/harshit/CDE2310-Group13-24-25-Sem2/Software/workspace/src/Autonomous-Explorer-and-Mapper-ros2-nav2' returned '0': CONDA_PROMPT_MODIFIER=(base) PYTHONPATH=/home/harshit/CDE2310-Group13-24-25-Sem2/Software/build/custom_explorer/prefix_override:/usr/lib/python3/dist-packages/colcon_core/task/python/colcon_distutils_commands:/home/harshit/CDE2310-Group13-24-25-Sem2/Software/install/custom_explorer/lib/python3.10/site-packages:${PYTHONPATH} /usr/bin/python3 -W ignore:setup.py install is deprecated -W ignore:easy_install command is deprecated setup.py egg_info --egg-base ../../../build/custom_explorer build --build-base /home/harshit/CDE2310-Group13-24-25-Sem2/Software/build/custom_explorer/build install --record /home/harshit/CDE2310-Group13-24-25-Sem2/Software/build/custom_explorer/install.log --single-version-externally-managed install_data
